{"content": {"suites": {"0": {"status": {"total_pass": 0, "total_skip": 0, "total_xpass": 0, "total_xfail": 0, "total_rerun": 0, "total_fail": 3, "total_error": 0}, "tests": {"0": {"status": "FAIL", "message": "   selenium.common.exceptions.NoSuchWindowException: Message: no such window: target window already closed\n   from unknown error: web view not found\n     (Session info: chrome=108.0.5359.124)\n   Stacktrace:\n   0   chromedriver                        0x00000001011d1f38 chromedriver + 4910904\n   1   chromedriver                        0x0000000101151a03 chromedriver + 4385283\n   2   chromedriver                        0x0000000100d96747 chromedriver + 472903\n   3   chromedriver                        0x0000000100d6cff5 chromedriver + 303093\n   4   chromedriver                        0x0000000100e05b0f chromedriver + 928527\n   5   chromedriver                        0x0000000100e1b763 chromedriver + 1017699\n   6   chromedriver                        0x0000000100e00ee3 chromedriver + 909027\n   7   chromedriver                        0x0000000100dcb30c chromedriver + 688908\n   8   chromedriver                        0x0000000100dcc88e chromedriver + 694414\n   9   chromedriver                        0x000000010119f1de chromedriver + 4702686\n   10  chromedriver                        0x00000001011a3b19 chromedriver + 4721433\n   11  chromedriver                        0x00000001011ab28e chromedriver + 4752014\n   12  chromedriver                        0x00000001011a491a chromedriver + 4725018\n   13  chromedriver                        0x0000000101178b02 chromedriver + 4545282\n   14  chromedriver                        0x00000001011c3888 chromedriver + 4851848\n   15  chromedriver                        0x00000001011c3a05 chromedriver + 4852229\n   16  chromedriver                        0x00000001011d9e5f chromedriver + 4943455\n   17  libsystem_pthread.dylib             0x00007ff803813259 _pthread_start + 125\n   18  libsystem_pthread.dylib             0x00007ff80380ec7b thread_start + 15\n", "test_name": "test_find_prices[shop.perfumersapprentice.com/c-84-bulk-sizes.aspx]", "rerun": "0"}, "1": {"status": "FAIL", "message": "   selenium.common.exceptions.NoSuchWindowException: Message: no such window: target window already closed\n   from unknown error: web view not found\n     (Session info: chrome=108.0.5359.124)\n   Stacktrace:\n   0   chromedriver                        0x00000001011d1f38 chromedriver + 4910904\n   1   chromedriver                        0x0000000101151a03 chromedriver + 4385283\n   2   chromedriver                        0x0000000100d96747 chromedriver + 472903\n   3   chromedriver                        0x0000000100d6cff5 chromedriver + 303093\n   4   chromedriver                        0x0000000100e05b0f chromedriver + 928527\n   5   chromedriver                        0x0000000100e1b763 chromedriver + 1017699\n   6   chromedriver                        0x0000000100e00ee3 chromedriver + 909027\n   7   chromedriver                        0x0000000100dcb30c chromedriver + 688908\n   8   chromedriver                        0x0000000100dcc88e chromedriver + 694414\n   9   chromedriver                        0x000000010119f1de chromedriver + 4702686\n   10  chromedriver                        0x00000001011a3b19 chromedriver + 4721433\n   11  chromedriver                        0x00000001011ab28e chromedriver + 4752014\n   12  chromedriver                        0x00000001011a491a chromedriver + 4725018\n   13  chromedriver                        0x0000000101178b02 chromedriver + 4545282\n   14  chromedriver                        0x00000001011c3888 chromedriver + 4851848\n   15  chromedriver                        0x00000001011c3a05 chromedriver + 4852229\n   16  chromedriver                        0x00000001011d9e5f chromedriver + 4943455\n   17  libsystem_pthread.dylib             0x00007ff803813259 _pthread_start + 125\n   18  libsystem_pthread.dylib             0x00007ff80380ec7b thread_start + 15\n", "test_name": "test_find_prices[https://shop.perfumersapprentice.com/c-84-bulk-sizes.aspx?pagenum=2]", "rerun": "0"}, "2": {"status": "FAIL", "message": "   selenium.common.exceptions.NoSuchWindowException: Message: no such window: target window already closed\n   from unknown error: web view not found\n     (Session info: chrome=108.0.5359.124)\n   Stacktrace:\n   0   chromedriver                        0x00000001011d1f38 chromedriver + 4910904\n   1   chromedriver                        0x0000000101151a03 chromedriver + 4385283\n   2   chromedriver                        0x0000000100d96747 chromedriver + 472903\n   3   chromedriver                        0x0000000100d6cff5 chromedriver + 303093\n   4   chromedriver                        0x0000000100e05b0f chromedriver + 928527\n   5   chromedriver                        0x0000000100e1b763 chromedriver + 1017699\n   6   chromedriver                        0x0000000100e00ee3 chromedriver + 909027\n   7   chromedriver                        0x0000000100dcb30c chromedriver + 688908\n   8   chromedriver                        0x0000000100dcc88e chromedriver + 694414\n   9   chromedriver                        0x000000010119f1de chromedriver + 4702686\n   10  chromedriver                        0x00000001011a3b19 chromedriver + 4721433\n   11  chromedriver                        0x00000001011ab28e chromedriver + 4752014\n   12  chromedriver                        0x00000001011a491a chromedriver + 4725018\n   13  chromedriver                        0x0000000101178b02 chromedriver + 4545282\n   14  chromedriver                        0x00000001011c3888 chromedriver + 4851848\n   15  chromedriver                        0x00000001011c3a05 chromedriver + 4852229\n   16  chromedriver                        0x00000001011d9e5f chromedriver + 4943455\n   17  libsystem_pthread.dylib             0x00007ff803813259 _pthread_start + 125\n   18  libsystem_pthread.dylib             0x00007ff80380ec7b thread_start + 15\n", "test_name": "test_find_prices[https://shop.perfumersapprentice.com/c-84-bulk-sizes.aspx?pagenum=3]", "rerun": "0"}}, "suite_name": "tests/test_tpa_prices.py"}}}, "date": "February 01, 2023", "start_time": 1675281884.411946, "total_suite": 1, "status": "FAIL", "status_list": {"pass": "0", "fail": "3", "skip": "0", "error": "0", "xpass": "0", "xfail": "0", "rerun": "0"}, "total_tests": "3"}