{"content": {"suites": {"0": {"status": {"total_pass": 0, "total_skip": 0, "total_xpass": 0, "total_xfail": 0, "total_rerun": 0, "total_fail": 3, "total_error": 0}, "tests": {"0": {"status": "FAIL", "message": "   selenium.common.exceptions.WebDriverException: Message: unknown error: net::ERR_NAME_NOT_RESOLVED\n     (Session info: chrome=108.0.5359.124)\n   Stacktrace:\n   0   chromedriver                        0x00000001011f7f38 chromedriver + 4910904\n   1   chromedriver                        0x0000000101177a03 chromedriver + 4385283\n   2   chromedriver                        0x0000000100dbc747 chromedriver + 472903\n   3   chromedriver                        0x0000000100db4242 chromedriver + 438850\n   4   chromedriver                        0x0000000100da617d chromedriver + 381309\n   5   chromedriver                        0x0000000100da78d5 chromedriver + 387285\n   6   chromedriver                        0x0000000100da64ad chromedriver + 382125\n   7   chromedriver                        0x0000000100da522f chromedriver + 377391\n   8   chromedriver                        0x0000000100da50a0 chromedriver + 376992\n   9   chromedriver                        0x0000000100da37f2 chromedriver + 370674\n   10  chromedriver                        0x0000000100da3bb4 chromedriver + 371636\n   11  chromedriver                        0x0000000100dbeb68 chromedriver + 482152\n   12  chromedriver                        0x0000000100e429e1 chromedriver + 1022433\n   13  chromedriver                        0x0000000100e27112 chromedriver + 909586\n   14  chromedriver                        0x0000000100e4228e chromedriver + 1020558\n   15  chromedriver                        0x0000000100e26ee3 chromedriver + 909027\n   16  chromedriver                        0x0000000100df130c chromedriver + 688908\n   17  chromedriver                        0x0000000100df288e chromedriver + 694414\n   18  chromedriver                        0x00000001011c51de chromedriver + 4702686\n   19  chromedriver                        0x00000001011c9b19 chromedriver + 4721433\n   20  chromedriver                        0x00000001011d128e chromedriver + 4752014\n   21  chromedriver                        0x00000001011ca91a chromedriver + 4725018\n   22  chromedriver                        0x000000010119eb02 chromedriver + 4545282\n   23  chromedriver                        0x00000001011e9888 chromedriver + 4851848\n   24  chromedriver                        0x00000001011e9a05 chromedriver + 4852229\n   25  chromedriver                        0x00000001011ffe5f chromedriver + 4943455\n   26  libsystem_pthread.dylib             0x00007ff803813259 _pthread_start + 125\n   27  libsystem_pthread.dylib             0x00007ff80380ec7b thread_start + 15\n", "test_name": "test_find_prices[shop.perfumersapprentice.com/c-84-bulk-sizes.aspx]", "rerun": "0"}, "1": {"status": "FAIL", "message": "   selenium.common.exceptions.WebDriverException: Message: unknown error: net::ERR_NAME_NOT_RESOLVED\n     (Session info: chrome=108.0.5359.124)\n   Stacktrace:\n   0   chromedriver                        0x00000001011f7f38 chromedriver + 4910904\n   1   chromedriver                        0x0000000101177a03 chromedriver + 4385283\n   2   chromedriver                        0x0000000100dbc747 chromedriver + 472903\n   3   chromedriver                        0x0000000100db4242 chromedriver + 438850\n   4   chromedriver                        0x0000000100da617d chromedriver + 381309\n   5   chromedriver                        0x0000000100da78d5 chromedriver + 387285\n   6   chromedriver                        0x0000000100da64ad chromedriver + 382125\n   7   chromedriver                        0x0000000100da522f chromedriver + 377391\n   8   chromedriver                        0x0000000100da50a0 chromedriver + 376992\n   9   chromedriver                        0x0000000100da37f2 chromedriver + 370674\n   10  chromedriver                        0x0000000100da3bb4 chromedriver + 371636\n   11  chromedriver                        0x0000000100dbeb68 chromedriver + 482152\n   12  chromedriver                        0x0000000100e429e1 chromedriver + 1022433\n   13  chromedriver                        0x0000000100e27112 chromedriver + 909586\n   14  chromedriver                        0x0000000100e4228e chromedriver + 1020558\n   15  chromedriver                        0x0000000100e26ee3 chromedriver + 909027\n   16  chromedriver                        0x0000000100df130c chromedriver + 688908\n   17  chromedriver                        0x0000000100df288e chromedriver + 694414\n   18  chromedriver                        0x00000001011c51de chromedriver + 4702686\n   19  chromedriver                        0x00000001011c9b19 chromedriver + 4721433\n   20  chromedriver                        0x00000001011d128e chromedriver + 4752014\n   21  chromedriver                        0x00000001011ca91a chromedriver + 4725018\n   22  chromedriver                        0x000000010119eb02 chromedriver + 4545282\n   23  chromedriver                        0x00000001011e9888 chromedriver + 4851848\n   24  chromedriver                        0x00000001011e9a05 chromedriver + 4852229\n   25  chromedriver                        0x00000001011ffe5f chromedriver + 4943455\n   26  libsystem_pthread.dylib             0x00007ff803813259 _pthread_start + 125\n   27  libsystem_pthread.dylib             0x00007ff80380ec7b thread_start + 15\n", "test_name": "test_find_prices[https://shop.perfumersapprentice.com/c-84-bulk-sizes.aspx?pagenum=2]", "rerun": "0"}, "2": {"status": "FAIL", "message": "   selenium.common.exceptions.WebDriverException: Message: unknown error: net::ERR_NAME_NOT_RESOLVED\n     (Session info: chrome=108.0.5359.124)\n   Stacktrace:\n   0   chromedriver                        0x00000001011f7f38 chromedriver + 4910904\n   1   chromedriver                        0x0000000101177a03 chromedriver + 4385283\n   2   chromedriver                        0x0000000100dbc747 chromedriver + 472903\n   3   chromedriver                        0x0000000100db4242 chromedriver + 438850\n   4   chromedriver                        0x0000000100da617d chromedriver + 381309\n   5   chromedriver                        0x0000000100da78d5 chromedriver + 387285\n   6   chromedriver                        0x0000000100da64ad chromedriver + 382125\n   7   chromedriver                        0x0000000100da522f chromedriver + 377391\n   8   chromedriver                        0x0000000100da50a0 chromedriver + 376992\n   9   chromedriver                        0x0000000100da37f2 chromedriver + 370674\n   10  chromedriver                        0x0000000100da3bb4 chromedriver + 371636\n   11  chromedriver                        0x0000000100dbeb68 chromedriver + 482152\n   12  chromedriver                        0x0000000100e429e1 chromedriver + 1022433\n   13  chromedriver                        0x0000000100e27112 chromedriver + 909586\n   14  chromedriver                        0x0000000100e4228e chromedriver + 1020558\n   15  chromedriver                        0x0000000100e26ee3 chromedriver + 909027\n   16  chromedriver                        0x0000000100df130c chromedriver + 688908\n   17  chromedriver                        0x0000000100df288e chromedriver + 694414\n   18  chromedriver                        0x00000001011c51de chromedriver + 4702686\n   19  chromedriver                        0x00000001011c9b19 chromedriver + 4721433\n   20  chromedriver                        0x00000001011d128e chromedriver + 4752014\n   21  chromedriver                        0x00000001011ca91a chromedriver + 4725018\n   22  chromedriver                        0x000000010119eb02 chromedriver + 4545282\n   23  chromedriver                        0x00000001011e9888 chromedriver + 4851848\n   24  chromedriver                        0x00000001011e9a05 chromedriver + 4852229\n   25  chromedriver                        0x00000001011ffe5f chromedriver + 4943455\n   26  libsystem_pthread.dylib             0x00007ff803813259 _pthread_start + 125\n   27  libsystem_pthread.dylib             0x00007ff80380ec7b thread_start + 15\n", "test_name": "test_find_prices[https://shop.perfumersapprentice.com/c-84-bulk-sizes.aspx?pagenum=3]", "rerun": "0"}}, "suite_name": "tests/test_tpa_prices.py"}}}, "date": "February 01, 2023", "start_time": 1675282006.4365509, "total_suite": 1, "status": "FAIL", "status_list": {"pass": "0", "fail": "3", "skip": "0", "error": "0", "xpass": "0", "xfail": "0", "rerun": "0"}, "total_tests": "3"}